98.01.07 12:12 B E:\didaskalia\stagecraft\mask_mm\m_frontal_high.jpg <-- Didaskalia /database4/htdocs/didaskalia/stagecraft/mask_mm m_frontal_high.jpg
98.01.07 12:12 B E:\didaskalia\stagecraft\mask_mm\m_frontal_icon.jpg <-- Didaskalia /database4/htdocs/didaskalia/stagecraft/mask_mm m_frontal_icon.jpg
98.01.07 12:12 B E:\didaskalia\stagecraft\mask_mm\m_frontal_low.jpg <-- Didaskalia /database4/htdocs/didaskalia/stagecraft/mask_mm m_frontal_low.jpg
98.01.07 12:12 B E:\didaskalia\stagecraft\mask_mm\m_frontal_medium.jpg <-- Didaskalia /database4/htdocs/didaskalia/stagecraft/mask_mm m_frontal_medium.jpg
98.01.07 12:12 B E:\didaskalia\stagecraft\mask_mm\m_frontal_mini.jpg <-- Didaskalia /database4/htdocs/didaskalia/stagecraft/mask_mm m_frontal_mini.jpg
98.01.07 12:12 B E:\didaskalia\stagecraft\mask_mm\m_frontal_small.jpg <-- Didaskalia /database4/htdocs/didaskalia/stagecraft/mask_mm m_frontal_small.jpg
98.01.07 12:12 B E:\didaskalia\stagecraft\mask_mm\m_general_high.jpg <-- Didaskalia /database4/htdocs/didaskalia/stagecraft/mask_mm m_general_high.jpg
98.01.07 12:12 B E:\didaskalia\stagecraft\mask_mm\m_general_icon.jpg <-- Didaskalia /database4/htdocs/didaskalia/stagecraft/mask_mm m_general_icon.jpg
98.01.07 12:12 B E:\didaskalia\stagecraft\mask_mm\m_general_low.jpg <-- Didaskalia /database4/htdocs/didaskalia/stagecraft/mask_mm m_general_low.jpg
98.01.07 12:12 B E:\didaskalia\stagecraft\mask_mm\m_general_medium.jpg <-- Didaskalia /database4/htdocs/didaskalia/stagecraft/mask_mm m_general_medium.jpg
98.01.07 12:12 B E:\didaskalia\stagecraft\mask_mm\m_general_mini.jpg <-- Didaskalia /database4/htdocs/didaskalia/stagecraft/mask_mm m_general_mini.jpg
98.01.07 12:12 B E:\didaskalia\stagecraft\mask_mm\m_general_small.jpg <-- Didaskalia /database4/htdocs/didaskalia/stagecraft/mask_mm m_general_small.jpg
98.01.07 12:13 B E:\didaskalia\stagecraft\mask_mm\m_in1_high.jpg <-- Didaskalia /database4/htdocs/didaskalia/stagecraft/mask_mm m_in1_high.jpg
98.01.07 12:13 B E:\didaskalia\stagecraft\mask_mm\m_in1_icon.jpg <-- Didaskalia /database4/htdocs/didaskalia/stagecraft/mask_mm m_in1_icon.jpg
98.01.07 12:13 B E:\didaskalia\stagecraft\mask_mm\m_in1_low.jpg <-- Didaskalia /database4/htdocs/didaskalia/stagecraft/mask_mm m_in1_low.jpg
98.01.07 12:13 B E:\didaskalia\stagecraft\mask_mm\m_in1_medium.jpg <-- Didaskalia /database4/htdocs/didaskalia/stagecraft/mask_mm m_in1_medium.jpg
98.01.07 12:13 B E:\didaskalia\stagecraft\mask_mm\m_in1_mini.jpg <-- Didaskalia /database4/htdocs/didaskalia/stagecraft/mask_mm m_in1_mini.jpg
98.01.07 12:13 B E:\didaskalia\stagecraft\mask_mm\m_in1_small.jpg <-- Didaskalia /database4/htdocs/didaskalia/stagecraft/mask_mm m_in1_small.jpg
98.01.07 12:13 B E:\didaskalia\stagecraft\mask_mm\m_in2_high.jpg <-- Didaskalia /database4/htdocs/didaskalia/stagecraft/mask_mm m_in2_high.jpg
98.01.07 12:13 B E:\didaskalia\stagecraft\mask_mm\m_in2_icon.jpg <-- Didaskalia /database4/htdocs/didaskalia/stagecraft/mask_mm m_in2_icon.jpg
98.01.07 12:13 B E:\didaskalia\stagecraft\mask_mm\m_in2_low.jpg <-- Didaskalia /database4/htdocs/didaskalia/stagecraft/mask_mm m_in2_low.jpg
98.01.07 12:14 B E:\didaskalia\stagecraft\mask_mm\m_in2_medium.jpg <-- Didaskalia /database4/htdocs/didaskalia/stagecraft/mask_mm m_in2_medium.jpg
98.01.07 12:14 B E:\didaskalia\stagecraft\mask_mm\m_in2_mini.jpg <-- Didaskalia /database4/htdocs/didaskalia/stagecraft/mask_mm m_in2_mini.jpg
98.01.07 12:14 B E:\didaskalia\stagecraft\mask_mm\m_in2_small.jpg <-- Didaskalia /database4/htdocs/didaskalia/stagecraft/mask_mm m_in2_small.jpg
98.01.07 12:14 B E:\didaskalia\stagecraft\mask_mm\m_side_high.jpg <-- Didaskalia /database4/htdocs/didaskalia/stagecraft/mask_mm m_side_high.jpg
98.01.07 12:14 B E:\didaskalia\stagecraft\mask_mm\m_side_icon.jpg <-- Didaskalia /database4/htdocs/didaskalia/stagecraft/mask_mm m_side_icon.jpg
98.01.07 12:14 B E:\didaskalia\stagecraft\mask_mm\m_side_low.jpg <-- Didaskalia /database4/htdocs/didaskalia/stagecraft/mask_mm m_side_low.jpg
98.01.07 12:14 B E:\didaskalia\stagecraft\mask_mm\m_side_medium.jpg <-- Didaskalia /database4/htdocs/didaskalia/stagecraft/mask_mm m_side_medium.jpg
98.01.07 12:14 B E:\didaskalia\stagecraft\mask_mm\m_side_mini.jpg <-- Didaskalia /database4/htdocs/didaskalia/stagecraft/mask_mm m_side_mini.jpg
98.01.07 12:14 B E:\didaskalia\stagecraft\mask_mm\m_side_small.jpg <-- Didaskalia /database4/htdocs/didaskalia/stagecraft/mask_mm m_side_small.jpg
98.01.07 12:15 B E:\didaskalia\stagecraft\mask_mm\m_up_high.jpg <-- Didaskalia /database4/htdocs/didaskalia/stagecraft/mask_mm m_up_high.jpg
98.01.07 12:15 B E:\didaskalia\stagecraft\mask_mm\m_up_icon.jpg <-- Didaskalia /database4/htdocs/didaskalia/stagecraft/mask_mm m_up_icon.jpg
98.01.07 12:15 B E:\didaskalia\stagecraft\mask_mm\m_up_low.jpg <-- Didaskalia /database4/htdocs/didaskalia/stagecraft/mask_mm m_up_low.jpg
98.01.07 12:15 B E:\didaskalia\stagecraft\mask_mm\m_up_medium.jpg <-- Didaskalia /database4/htdocs/didaskalia/stagecraft/mask_mm m_up_medium.jpg
98.01.07 12:15 B E:\didaskalia\stagecraft\mask_mm\m_up_mini.jpg <-- Didaskalia /database4/htdocs/didaskalia/stagecraft/mask_mm m_up_mini.jpg
98.01.07 12:15 B E:\didaskalia\stagecraft\mask_mm\m_up_small.jpg <-- Didaskalia /database4/htdocs/didaskalia/stagecraft/mask_mm m_up_small.jpg
98.01.07 12:15 B E:\didaskalia\stagecraft\mask_mm\mask.wrl <-- Didaskalia /database4/htdocs/didaskalia/stagecraft/mask_mm mask.wrl
98.01.07 12:15 B E:\didaskalia\stagecraft\mask_mm\mask_hair.jpg <-- Didaskalia /database4/htdocs/didaskalia/stagecraft/mask_mm mask_hair.jpg
98.01.07 12:15 B E:\didaskalia\stagecraft\mask_mm\mskn_01.jpg <-- Didaskalia /database4/htdocs/didaskalia/stagecraft/mask_mm mskn_01.jpg
98.01.07 12:15 B E:\didaskalia\stagecraft\mask_mm\mskn_02.jpg <-- Didaskalia /database4/htdocs/didaskalia/stagecraft/mask_mm mskn_02.jpg
98.01.07 12:15 B E:\didaskalia\stagecraft\mask_mm\mskn_03.jpg <-- Didaskalia /database4/htdocs/didaskalia/stagecraft/mask_mm mskn_03.jpg
98.01.07 12:15 B E:\didaskalia\stagecraft\mask_mm\mskn_04.jpg <-- Didaskalia /database4/htdocs/didaskalia/stagecraft/mask_mm mskn_04.jpg
98.01.07 12:16 B E:\didaskalia\stagecraft\mask_mm\mskn_05.jpg <-- Didaskalia /database4/htdocs/didaskalia/stagecraft/mask_mm mskn_05.jpg
98.01.07 12:16 B E:\didaskalia\stagecraft\mask_mm\mskn_06.jpg <-- Didaskalia /database4/htdocs/didaskalia/stagecraft/mask_mm mskn_06.jpg
98.01.07 12:16 B E:\didaskalia\stagecraft\mask_mm\mskn_07.jpg <-- Didaskalia /database4/htdocs/didaskalia/stagecraft/mask_mm mskn_07.jpg
98.01.07 12:16 B E:\didaskalia\stagecraft\mask_mm\mskn_08.jpg <-- Didaskalia /database4/htdocs/didaskalia/stagecraft/mask_mm mskn_08.jpg
98.01.07 12:16 B E:\didaskalia\stagecraft\mask_mm\mskn_09.jpg <-- Didaskalia /database4/htdocs/didaskalia/stagecraft/mask_mm mskn_09.jpg
98.01.07 12:16 B E:\didaskalia\stagecraft\mask_mm\mskn_10.jpg <-- Didaskalia /database4/htdocs/didaskalia/stagecraft/mask_mm mskn_10.jpg
98.01.07 12:16 B E:\didaskalia\stagecraft\mask_mm\mskn_11.jpg <-- Didaskalia /database4/htdocs/didaskalia/stagecraft/mask_mm mskn_11.jpg
98.01.07 12:16 B E:\didaskalia\stagecraft\mask_mm\mskn_12.jpg <-- Didaskalia /database4/htdocs/didaskalia/stagecraft/mask_mm mskn_12.jpg
98.01.07 12:16 B E:\didaskalia\stagecraft\mask_mm\mskw_01.jpg <-- Didaskalia /database4/htdocs/didaskalia/stagecraft/mask_mm mskw_01.jpg
98.01.07 12:16 B E:\didaskalia\stagecraft\mask_mm\mskw_02.jpg <-- Didaskalia /database4/htdocs/didaskalia/stagecraft/mask_mm mskw_02.jpg
98.01.07 12:16 B E:\didaskalia\stagecraft\mask_mm\mskw_03.jpg <-- Didaskalia /database4/htdocs/didaskalia/stagecraft/mask_mm mskw_03.jpg
98.01.07 12:16 B E:\didaskalia\stagecraft\mask_mm\mskw_04.jpg <-- Didaskalia /database4/htdocs/didaskalia/stagecraft/mask_mm mskw_04.jpg
98.01.07 12:16 B E:\didaskalia\stagecraft\mask_mm\mskw_05.jpg <-- Didaskalia /database4/htdocs/didaskalia/stagecraft/mask_mm mskw_05.jpg
98.01.07 12:16 B E:\didaskalia\stagecraft\mask_mm\mskw_06.jpg <-- Didaskalia /database4/htdocs/didaskalia/stagecraft/mask_mm mskw_06.jpg
98.01.07 12:17 B E:\didaskalia\stagecraft\mask_mm\mskw_07.jpg <-- Didaskalia /database4/htdocs/didaskalia/stagecraft/mask_mm mskw_07.jpg
98.01.07 12:17 B E:\didaskalia\stagecraft\mask_mm\mskw_08.jpg <-- Didaskalia /database4/htdocs/didaskalia/stagecraft/mask_mm mskw_08.jpg
98.01.07 12:17 B E:\didaskalia\stagecraft\mask_mm\mskw_09.jpg <-- Didaskalia /database4/htdocs/didaskalia/stagecraft/mask_mm mskw_09.jpg
98.01.07 12:17 B E:\didaskalia\stagecraft\mask_mm\mskw_10.jpg <-- Didaskalia /database4/htdocs/didaskalia/stagecraft/mask_mm mskw_10.jpg
98.01.07 12:17 B E:\didaskalia\stagecraft\mask_mm\mskw_11.jpg <-- Didaskalia /database4/htdocs/didaskalia/stagecraft/mask_mm mskw_11.jpg
98.01.07 12:18 B E:\didaskalia\stagecraft\mask_mm\mskw_12.jpg <-- Didaskalia /database4/htdocs/didaskalia/stagecraft/mask_mm mskw_12.jpg
98.01.07 12:18 B E:\didaskalia\stagecraft\mask_mm\rotl.gif <-- Didaskalia /database4/htdocs/didaskalia/stagecraft/mask_mm rotl.gif
98.01.07 12:18 B E:\didaskalia\stagecraft\mask_mm\rotmask1.html <-- Didaskalia /database4/htdocs/didaskalia/stagecraft/mask_mm rotmask1.html
98.01.07 12:18 B E:\didaskalia\stagecraft\mask_mm\rotmask10.html <-- Didaskalia /database4/htdocs/didaskalia/stagecraft/mask_mm rotmask10.html
98.01.07 12:18 B E:\didaskalia\stagecraft\mask_mm\rotmask10n.html <-- Didaskalia /database4/htdocs/didaskalia/stagecraft/mask_mm rotmask10n.html
98.01.07 12:18 B E:\didaskalia\stagecraft\mask_mm\rotmask11.html <-- Didaskalia /database4/htdocs/didaskalia/stagecraft/mask_mm rotmask11.html
98.01.07 12:18 B E:\didaskalia\stagecraft\mask_mm\rotmask11n.html <-- Didaskalia /database4/htdocs/didaskalia/stagecraft/mask_mm rotmask11n.html
98.01.07 12:18 B E:\didaskalia\stagecraft\mask_mm\rotmask12.html <-- Didaskalia /database4/htdocs/didaskalia/stagecraft/mask_mm rotmask12.html
98.01.07 12:19 B E:\didaskalia\stagecraft\mask_mm\rotmask12n.html <-- Didaskalia /database4/htdocs/didaskalia/stagecraft/mask_mm rotmask12n.html
98.01.07 12:19 B E:\didaskalia\stagecraft\mask_mm\rotmask1n.html <-- Didaskalia /database4/htdocs/didaskalia/stagecraft/mask_mm rotmask1n.html
98.01.07 12:19 B E:\didaskalia\stagecraft\mask_mm\rotmask2.html <-- Didaskalia /database4/htdocs/didaskalia/stagecraft/mask_mm rotmask2.html
98.01.07 12:19 B E:\didaskalia\stagecraft\mask_mm\rotmask2n.html <-- Didaskalia /database4/htdocs/didaskalia/stagecraft/mask_mm rotmask2n.html
98.01.07 12:19 B E:\didaskalia\stagecraft\mask_mm\rotmask3.html <-- Didaskalia /database4/htdocs/didaskalia/stagecraft/mask_mm rotmask3.html
98.01.07 12:19 B E:\didaskalia\stagecraft\mask_mm\rotmask3n.html <-- Didaskalia /database4/htdocs/didaskalia/stagecraft/mask_mm rotmask3n.html
98.01.07 12:19 B E:\didaskalia\stagecraft\mask_mm\rotmask4.html <-- Didaskalia /database4/htdocs/didaskalia/stagecraft/mask_mm rotmask4.html
98.01.07 12:19 B E:\didaskalia\stagecraft\mask_mm\rotmask4n.html <-- Didaskalia /database4/htdocs/didaskalia/stagecraft/mask_mm rotmask4n.html
98.01.07 12:19 B E:\didaskalia\stagecraft\mask_mm\rotmask5.html <-- Didaskalia /database4/htdocs/didaskalia/stagecraft/mask_mm rotmask5.html
98.01.07 12:19 B E:\didaskalia\stagecraft\mask_mm\rotmask5n.html <-- Didaskalia /database4/htdocs/didaskalia/stagecraft/mask_mm rotmask5n.html
98.01.07 12:19 B E:\didaskalia\stagecraft\mask_mm\rotmask6.html <-- Didaskalia /database4/htdocs/didaskalia/stagecraft/mask_mm rotmask6.html
98.01.07 12:19 B E:\didaskalia\stagecraft\mask_mm\rotmask6n.html <-- Didaskalia /database4/htdocs/didaskalia/stagecraft/mask_mm rotmask6n.html
98.01.07 12:19 B E:\didaskalia\stagecraft\mask_mm\rotmask7.html <-- Didaskalia /database4/htdocs/didaskalia/stagecraft/mask_mm rotmask7.html
98.01.07 12:19 B E:\didaskalia\stagecraft\mask_mm\rotmask7n.html <-- Didaskalia /database4/htdocs/didaskalia/stagecraft/mask_mm rotmask7n.html
98.01.07 12:19 B E:\didaskalia\stagecraft\mask_mm\rotmask8.html <-- Didaskalia /database4/htdocs/didaskalia/stagecraft/mask_mm rotmask8.html
98.01.07 12:19 B E:\didaskalia\stagecraft\mask_mm\rotmask8n.html <-- Didaskalia /database4/htdocs/didaskalia/stagecraft/mask_mm rotmask8n.html
98.01.07 12:20 B E:\didaskalia\stagecraft\mask_mm\rotmask9.html <-- Didaskalia /database4/htdocs/didaskalia/stagecraft/mask_mm rotmask9.html
98.01.07 12:20 B E:\didaskalia\stagecraft\mask_mm\rotmask9n.html <-- Didaskalia /database4/htdocs/didaskalia/stagecraft/mask_mm rotmask9n.html
98.01.07 12:20 B E:\didaskalia\stagecraft\mask_mm\rotr.gif <-- Didaskalia /database4/htdocs/didaskalia/stagecraft/mask_mm rotr.gif
98.01.07 12:20 B E:\didaskalia\stagecraft\mask_mm\woo.gif <-- Didaskalia /database4/htdocs/didaskalia/stagecraft/mask_mm woo.gif
